\BOOKMARK [1][-]{section.1}{Introduction}{}% 1
\BOOKMARK [1][-]{section.2}{Method}{}% 2
\BOOKMARK [2][-]{subsection.2.1}{Definition of concepts and symbols}{section.2}% 3
\BOOKMARK [2][-]{subsection.2.2}{Adaptive sampling algorithm to increase efficiency of simulation}{section.2}% 4
\BOOKMARK [2][-]{subsection.2.3}{Characteristic behaviour}{section.2}% 5
\BOOKMARK [1][-]{section.3}{Results}{}% 6
\BOOKMARK [2][-]{subsection.3.1}{On the gain of generating binaries of the target distribution}{section.3}% 7
\BOOKMARK [2][-]{subsection.3.2}{Speeding up simulations}{section.3}% 8
\BOOKMARK [2][-]{subsection.3.3}{Mapping the parameter space with higher resolution}{section.3}% 9
\BOOKMARK [2][-]{subsection.3.4}{Smaller variances in distribution functions}{section.3}% 10
\BOOKMARK [2][-]{subsection.3.5}{Recovering tails of distribution functions}{section.3}% 11
\BOOKMARK [2][-]{subsection.3.6}{Handling bifurcations and stochasticity}{section.3}% 12
\BOOKMARK [1][-]{section.4}{Discussion}{}% 13
\BOOKMARK [2][-]{subsection.4.1}{The exploratory phase}{section.4}% 14
\BOOKMARK [2][-]{subsection.4.2}{The refined sampling phase}{section.4}% 15
\BOOKMARK [2][-]{subsection.4.3}{Adapting to uncertainty in distribution functions}{section.4}% 16
\BOOKMARK [2][-]{subsection.4.4}{STROOPWAFEL in higher dimensions}{section.4}% 17
\BOOKMARK [2][-]{subsection.4.5}{Combining STROOPWAFEL with MCMC or Gaussian process regression emulators on continuous spaces}{section.4}% 18
\BOOKMARK [1][-]{section.5}{Summary and conclusions}{}% 19
\BOOKMARK [1][-]{section.A1}{Derivation of the variance used for optimising the length of the STROOPWAFEL exploration phase}{}% 20
\BOOKMARK [1][-]{section.A2}{Toy model}{}% 21
\BOOKMARK [1][-]{section.A3}{Binary population synthesis model set-up}{}% 22
\BOOKMARK [1][-]{section.A4}{Bandwidth variations of kernel density estimator}{}% 23
